**********************
Windows PowerShell transcript start
Start time: 20260603124345
Username: DESKTOP-GUJF239\developer
RunAs User: DESKTOP-GUJF239\developer
Configuration Name: 
Machine: DESKTOP-GUJF239 (Microsoft Windows NT 10.0.26200.0)
Host Application: C:\windows\System32\WindowsPowerShell\v1.0\powershell.exe -NoProfile -ExecutionPolicy Bypass -NoExit -File C:\Users\developer\Documents\GitHub\Hardware\tools\import-kicad-parts.ps1
Process ID: 30528
PSVersion: 5.1.26100.8457
PSEdition: Desktop
PSCompatibleVersions: 1.0, 2.0, 3.0, 4.0, 5.0, 5.1.26100.8457
BuildVersion: 10.0.26100.8457
CLRVersion: 4.0.30319.42000
WSManStackVersion: 3.0
PSRemotingProtocolVersion: 2.3
SerializationVersion: 1.1.0.1
**********************
Importer watching: C:\Users\developer\Documents\GitHub\Hardware\downloads
PS>TerminatingError(ForEach-Object): "The term 'Process-Zip' is not recognized as the name of a cmdlet, function, script file, or operable program. Check the spelling of the name, or if a path was included, verify that the path is correct and try again."
>> TerminatingError(ForEach-Object): "The term 'Process-Zip' is not recognized as the name of a cmdlet, function, script file, or operable program. Check the spelling of the name, or if a path was included, verify that the path is correct and try again."
The term 'Process-Zip' is not recognized as the name of a cmdlet, function, script file, or operable program. Check the spelling of the name, or if a path was included, verify that the path is correct and try again.
ForEach-Object : The term 'Process-Zip' is not recognized as the name of a cmdlet, function, script file, or operable
program. Check the spelling of the name, or if a path was included, verify that the path is correct and try again.
At C:\Users\developer\Documents\GitHub\Hardware\tools\import-kicad-parts.ps1:204 char:85
+ ... nloads -Filter *.zip -ErrorAction SilentlyContinue | ForEach-Object {
+                                                          ~~~~~~~~~~~~~~~~
    + CategoryInfo          : ObjectNotFound: (Process-Zip:String) [ForEach-Object], CommandNotFoundException
    + FullyQualifiedErrorId : CommandNotFoundException,Microsoft.PowerShell.Commands.ForEachObjectCommand

**********************
Windows PowerShell transcript start
Start time: 20260603124618
Username: DESKTOP-GUJF239\developer
RunAs User: DESKTOP-GUJF239\developer
Configuration Name: 
Machine: DESKTOP-GUJF239 (Microsoft Windows NT 10.0.26200.0)
Host Application: C:\windows\System32\WindowsPowerShell\v1.0\powershell.exe -NoProfile -ExecutionPolicy Bypass -NoExit -File C:\Users\developer\Documents\GitHub\Hardware\tools\import-kicad-parts.ps1
Process ID: 27840
PSVersion: 5.1.26100.8457
PSEdition: Desktop
PSCompatibleVersions: 1.0, 2.0, 3.0, 4.0, 5.0, 5.1.26100.8457
BuildVersion: 10.0.26100.8457
CLRVersion: 4.0.30319.42000
WSManStackVersion: 3.0
PSRemotingProtocolVersion: 2.3
SerializationVersion: 1.1.0.1
**********************
Importer watching: C:\Users\developer\Documents\GitHub\Hardware\downloads
Processing: USB4105_GF_A
  → Merging symbols: 1
Merged 1 symbol(s) into C:\Users\developer\Documents\GitHub\Hardware\libs\MySymbols.kicad_sym
  → Moving footprint: GCT_USB4105-GF-A.kicad_mod
  → Moving 3D model: GCT_USB4105-GF-A.kicad_mod
  → Moving 3D model: how-to-import.htm
  → Moving 3D model: License.txt
  → Moving 3D model: USB4105-GF-A.kicad_sym
  → Moving 3D model: USB4105-GF-A.step
  → Moving misc: how-to-import.htm
  → Moving misc: License.txt
PS>TerminatingError(): "The term 'Clean-Part' is not recognized as the name of a cmdlet, function, script file, or operable program. Check the spelling of the name, or if a path was included, verify that the path is correct and try again."
>> TerminatingError(ForEach-Object): "The term 'Clean-Part' is not recognized as the name of a cmdlet, function, script file, or operable program. Check the spelling of the name, or if a path was included, verify that the path is correct and try again."
>> TerminatingError(ForEach-Object): "The term 'Clean-Part' is not recognized as the name of a cmdlet, function, script file, or operable program. Check the spelling of the name, or if a path was included, verify that the path is correct and try again."
The term 'Clean-Part' is not recognized as the name of a cmdlet, function, script file, or operable program. Check the spelling of the name, or if a path was included, verify that the path is correct and try again.
ForEach-Object : The term 'Clean-Part' is not recognized as the name of a cmdlet, function, script file, or operable
program. Check the spelling of the name, or if a path was included, verify that the path is correct and try again.
At C:\Users\developer\Documents\GitHub\Hardware\tools\import-kicad-parts.ps1:204 char:85
+ ... nloads -Filter *.zip -ErrorAction SilentlyContinue | ForEach-Object {
+                                                          ~~~~~~~~~~~~~~~~
    + CategoryInfo          : ObjectNotFound: (Clean-Part:String) [ForEach-Object], CommandNotFoundException
    + FullyQualifiedErrorId : CommandNotFoundException,Microsoft.PowerShell.Commands.ForEachObjectCommand

Processing: STUSB4500QTR
PS C:\windows\system32> TerminatingError(New-Object): "Exception calling ".ctor" with "3" argument(s): "The process cannot access the file 'C:\Users\developer\Documents\GitHub\Hardware\downloads\STUSB4500QTR.zip' because it is being used by another process.""
PS C:\windows\system32> TerminatingError(New-Object): "Exception calling ".ctor" with "3" argument(s): "The process cannot access the file 'C:\Users\developer\Documents\GitHub\Hardware\downloads\STUSB4500QTR.zip' because it is being used by another process.""
>> TerminatingError(New-Object): "Exception calling ".ctor" with "3" argument(s): "The process cannot access the file 'C:\Users\developer\Documents\GitHub\Hardware\downloads\STUSB4500QTR.zip' because it is being used by another process.""
WARNING: Failed to expand C:\Users\developer\Documents\GitHub\Hardware\downloads\STUSB4500QTR.zip: Exception calling ".ctor" with "3" argument(s): "The process cannot access the file 'C:\Users\developer\Documents\GitHub\Hardware\downloads\STUSB4500QTR.zip' because it is being used by another process."
Processing: STUSB4500QTR (1)
  → Moving 3D model: how-to-import.htm
  → Moving 3D model: License.txt
  → Moving misc: how-to-import.htm
  → Moving misc: License.txt
PS C:\windows\system32> TerminatingError(): "The term 'Clean-Part' is not recognized as the name of a cmdlet, function, script file, or operable program. Check the spelling of the name, or if a path was included, verify that the path is correct and try again."
