[2026-06-03 13:36:26] UI started
[2026-06-03 13:36:37] Watcher started
[2026-06-03 13:36:52] Git push...
[2026-06-03 13:36:54] To https://github.com/sshcgh/Hardware.git
[2026-06-03 13:36:54]  ! [rejected]        main -> main (non-fast-forward)
[2026-06-03 13:36:54] error: failed to push some refs to 'https://github.com/sshcgh/Hardware.git'
[2026-06-03 13:36:54] hint: Updates were rejected because the tip of your current branch is behind
[2026-06-03 13:36:54] hint: its remote counterpart. If you want to integrate the remote changes,
[2026-06-03 13:36:54] hint: use 'git pull' before pushing again.
[2026-06-03 13:36:54] hint: See the 'Note about fast-forwards' in 'git push --help' for details.
[2026-06-03 13:36:54] ERROR git push exit 1
[2026-06-03 13:37:03] Git pull --rebase...
[2026-06-03 13:37:03] error: cannot pull with rebase: You have unstaged changes.
[2026-06-03 13:37:03] error: Please commit or stash them.
[2026-06-03 13:37:03] ERROR git pull --rebase exit 128
[2026-06-03 13:37:08] warning: in the working copy of 'libs/My3DModels/License.txt', LF will be replaced by CRLF the next time Git touches it
[2026-06-03 13:37:08] warning: in the working copy of 'libs/MyFootprints.pretty/GCT_USB4105-GF-A.kicad_mod', LF will be replaced by CRLF the next time Git touches it
[2026-06-03 13:37:08] warning: in the working copy of 'libs/MyFootprints.pretty/QFN50P400X400X90-25N.kicad_mod', LF will be replaced by CRLF the next time Git touches it
[2026-06-03 13:37:08] warning: in the working copy of 'misc/License.txt', LF will be replaced by CRLF the next time Git touches it
[2026-06-03 13:37:08] [main 83773f1] Library update 2026-06-03 13:37:08
[2026-06-03 13:37:08]  4 files changed, 577 insertions(+)
[2026-06-03 13:37:08]  create mode 100644 tools/LibraryManager.py
[2026-06-03 13:37:08]  create mode 100644 tools/config.json
[2026-06-03 13:37:08]  create mode 100644 tools/ui_python.log
[2026-06-03 13:37:13] Git pull --rebase...
[2026-06-03 13:37:13] error: cannot pull with rebase: You have unstaged changes.
[2026-06-03 13:37:13] error: Please commit or stash them.
[2026-06-03 13:37:13] ERROR git pull --rebase exit 128
[2026-06-03 13:37:16] warning: in the working copy of 'libs/My3DModels/License.txt', LF will be replaced by CRLF the next time Git touches it
[2026-06-03 13:37:16] warning: in the working copy of 'libs/MyFootprints.pretty/GCT_USB4105-GF-A.kicad_mod', LF will be replaced by CRLF the next time Git touches it
[2026-06-03 13:37:16] warning: in the working copy of 'libs/MyFootprints.pretty/QFN50P400X400X90-25N.kicad_mod', LF will be replaced by CRLF the next time Git touches it
[2026-06-03 13:37:16] warning: in the working copy of 'misc/License.txt', LF will be replaced by CRLF the next time Git touches it
[2026-06-03 13:37:16] [main d060d08] Library update 2026-06-03 13:37:16
[2026-06-03 13:37:16]  1 file changed, 13 insertions(+)
[2026-06-03 13:37:20] Git push...
[2026-06-03 13:37:21] To https://github.com/sshcgh/Hardware.git
[2026-06-03 13:37:21]  ! [rejected]        main -> main (non-fast-forward)
[2026-06-03 13:37:21] error: failed to push some refs to 'https://github.com/sshcgh/Hardware.git'
[2026-06-03 13:37:21] hint: Updates were rejected because the tip of your current branch is behind
[2026-06-03 13:37:21] hint: its remote counterpart. If you want to integrate the remote changes,
[2026-06-03 13:37:21] hint: use 'git pull' before pushing again.
[2026-06-03 13:37:21] hint: See the 'Note about fast-forwards' in 'git push --help' for details.
[2026-06-03 13:37:21] ERROR git push exit 1
[2026-06-03 13:37:29] Git pull --rebase...
[2026-06-03 13:37:29] error: cannot pull with rebase: You have unstaged changes.
[2026-06-03 13:37:29] error: Please commit or stash them.
[2026-06-03 13:37:29] ERROR git pull --rebase exit 128
